<?xml version="1.0" encoding="UTF-8"?>
<testng-results skipped="0" failed="0" total="1" passed="1">
  <reporter-output>
  </reporter-output>
  <suite name="Surefire suite" duration-ms="62" started-at="2019-05-05T23:10:07Z" finished-at="2019-05-05T23:10:07Z">
    <groups>
    </groups>
    <test name="Surefire test" duration-ms="62" started-at="2019-05-05T23:10:07Z" finished-at="2019-05-05T23:10:07Z">
      <class name="Com.MavenPro.AppTest">
        <test-method status="PASS" signature="shouldAnswerWithTrue()[pri:0, instance:shouldAnswerWithTrue(Com.MavenPro.AppTest)]" name="shouldAnswerWithTrue" duration-ms="3" started-at="2019-05-06T04:40:07Z" finished-at="2019-05-06T04:40:07Z">
          <reporter-output>
          </reporter-output>
        </test-method> <!-- shouldAnswerWithTrue -->
      </class> <!-- Com.MavenPro.AppTest -->
    </test> <!-- Surefire test -->
  </suite> <!-- Surefire suite -->
</testng-results>
